Using pre-set license
Built from '2021.3/staging' branch; Version is '2021.3.0f1 (6eacc8284459) revision 7253192'; Using compiler version '192829333'; Build Type 'Release'
OS: 'Windows 11  (10.0.22000) 64bit Professional' Language: 'en' Physical Memory: 32108 MB
BatchMode: 1, IsHumanControllingUs: 0, StartBugReporterOnCrash: 0, Is64bit: 1, IsPro: 1

COMMAND LINE ARGUMENTS:
C:\Program Files\Unity\Hub\Editor\2021.3.0f1\Editor\Unity.exe
-adb2
-batchMode
-noUpm
-name
AssetImportWorker0
-projectPath
C:/Users/manap/Documents/Unity Projects/Automatic-LOD-Generator/Project Files
-logFile
Logs/AssetImportWorker0.log
-srvPort
58239
Successfully changed project path to: C:/Users/manap/Documents/Unity Projects/Automatic-LOD-Generator/Project Files
C:/Users/manap/Documents/Unity Projects/Automatic-LOD-Generator/Project Files
[UnityMemory] Configuration Parameters - Can be set up in boot.config
    "memorysetup-bucket-allocator-granularity=16"
    "memorysetup-bucket-allocator-bucket-count=8"
    "memorysetup-bucket-allocator-block-size=33554432"
    "memorysetup-bucket-allocator-block-count=8"
    "memorysetup-main-allocator-block-size=16777216"
    "memorysetup-thread-allocator-block-size=16777216"
    "memorysetup-gfx-main-allocator-block-size=16777216"
    "memorysetup-gfx-thread-allocator-block-size=16777216"
    "memorysetup-cache-allocator-block-size=4194304"
    "memorysetup-typetree-allocator-block-size=2097152"
    "memorysetup-profiler-bucket-allocator-granularity=16"
    "memorysetup-profiler-bucket-allocator-bucket-count=8"
    "memorysetup-profiler-bucket-allocator-block-size=33554432"
    "memorysetup-profiler-bucket-allocator-block-count=8"
    "memorysetup-profiler-allocator-block-size=16777216"
    "memorysetup-profiler-editor-allocator-block-size=1048576"
    "memorysetup-temp-allocator-size-main=16777216"
    "memorysetup-job-temp-allocator-block-size=2097152"
    "memorysetup-job-temp-allocator-block-size-background=1048576"
    "memorysetup-job-temp-allocator-reduction-small-platforms=262144"
    "memorysetup-temp-allocator-size-background-worker=32768"
    "memorysetup-temp-allocator-size-job-worker=262144"
    "memorysetup-temp-allocator-size-preload-manager=33554432"
    "memorysetup-temp-allocator-size-nav-mesh-worker=65536"
    "memorysetup-temp-allocator-size-audio-worker=65536"
    "memorysetup-temp-allocator-size-cloud-worker=32768"
    "memorysetup-temp-allocator-size-gi-baking-worker=262144"
    "memorysetup-temp-allocator-size-gfx=262144"
Refreshing native plugins compatible for Editor in 55.59 ms, found 3 plugins.
Preloading 0 native plugins for Editor in 0.00 ms.
Initialize engine version: 2021.3.0f1 (6eacc8284459)
[Subsystems] Discovering subsystems at path C:/Program Files/Unity/Hub/Editor/2021.3.0f1/Editor/Data/Resources/UnitySubsystems
[Subsystems] Discovering subsystems at path C:/Users/manap/Documents/Unity Projects/Automatic-LOD-Generator/Project Files/Assets
GfxDevice: creating device client; threaded=0; jobified=0
Direct3D:
    Version:  Direct3D 11.0 [level 11.1]
    Renderer: NVIDIA GeForce RTX 3060 Laptop GPU (ID=0x2520)
    Vendor:   NVIDIA
    VRAM:     6023 MB
    Driver:   30.0.15.1215
Initialize mono
Mono path[0] = 'C:/Program Files/Unity/Hub/Editor/2021.3.0f1/Editor/Data/Managed'
Mono path[1] = 'C:/Program Files/Unity/Hub/Editor/2021.3.0f1/Editor/Data/MonoBleedingEdge/lib/mono/unityjit-win32'
Mono config path = 'C:/Program Files/Unity/Hub/Editor/2021.3.0f1/Editor/Data/MonoBleedingEdge/etc'
Using monoOptions --debugger-agent=transport=dt_socket,embedding=1,server=y,suspend=n,address=127.0.0.1:56872
Begin MonoManager ReloadAssembly
Registering precompiled unity dll's ...
Register platform support module: C:/Program Files/Unity/Hub/Editor/2021.3.0f1/Editor/Data/PlaybackEngines/WebGLSupport/UnityEditor.WebGL.Extensions.dll
Register platform support module: C:/Program Files/Unity/Hub/Editor/2021.3.0f1/Editor/Data/PlaybackEngines/AndroidPlayer/UnityEditor.Android.Extensions.dll
Register platform support module: C:/Program Files/Unity/Hub/Editor/2021.3.0f1/Editor/Data/PlaybackEngines/WindowsStandaloneSupport/UnityEditor.WindowsStandalone.Extensions.dll
Registered in 0.004558 seconds.
Native extension for WindowsStandalone target not found
Native extension for Android target not found
Native extension for WebGL target not found
Refreshing native plugins compatible for Editor in 57.12 ms, found 3 plugins.
Preloading 0 native plugins for Editor in 0.00 ms.
Mono: successfully reloaded assembly
- Completed reload, in  0.498 seconds
Domain Reload Profiling:
	ReloadAssembly (499ms)
		BeginReloadAssembly (53ms)
			ExecutionOrderSort (0ms)
			DisableScriptedObjects (0ms)
			BackupInstance (0ms)
			ReleaseScriptingObjects (0ms)
			CreateAndSetChildDomain (1ms)
		EndReloadAssembly (361ms)
			LoadAssemblies (52ms)
			RebuildTransferFunctionScriptingTraits (0ms)
			SetupTypeCache (78ms)
			ReleaseScriptCaches (0ms)
			RebuildScriptCaches (21ms)
			SetupLoadedEditorAssemblies (222ms)
				LogAssemblyErrors (0ms)
				InitializePlatformSupportModulesInManaged (46ms)
				SetLoadedEditorAssemblies (0ms)
				RefreshPlugins (57ms)
				BeforeProcessingInitializeOnLoad (1ms)
				ProcessInitializeOnLoadAttributes (82ms)
				ProcessInitializeOnLoadMethodAttributes (35ms)
				AfterProcessingInitializeOnLoad (0ms)
				EditorAssembliesLoaded (0ms)
			ExecutionOrderSort2 (0ms)
			AwakeInstancesAfterBackupRestoration (0ms)
Platform modules already initialized, skipping
Registering precompiled user dll's ...
Registered in 0.002954 seconds.
Begin MonoManager ReloadAssembly
Symbol file LoadedFromMemory doesn't match image C:\Users\manap\Documents\Unity Projects\Automatic-LOD-Generator\Project Files\Library\PackageCache\com.unity.visualscripting@1.7.6\Editor\VisualScripting.Core\Dependencies\YamlDotNet\Unity.VisualScripting.YamlDotNet.dll
Symbol file LoadedFromMemory is not a mono symbol file
Symbol file LoadedFromMemory doesn't match image C:\Users\manap\Documents\Unity Projects\Automatic-LOD-Generator\Project Files\Library\PackageCache\com.unity.visualscripting@1.7.6\Editor\VisualScripting.Core\Dependencies\DotNetZip\Unity.VisualScripting.IonicZip.dll
Native extension for WindowsStandalone target not found
Native extension for Android target not found
Native extension for WebGL target not found
Refreshing native plugins compatible for Editor in 0.50 ms, found 3 plugins.
Preloading 0 native plugins for Editor in 0.00 ms.
Mono: successfully reloaded assembly
- Completed reload, in  0.814 seconds
Domain Reload Profiling:
	ReloadAssembly (815ms)
		BeginReloadAssembly (179ms)
			ExecutionOrderSort (0ms)
			DisableScriptedObjects (4ms)
			BackupInstance (0ms)
			ReleaseScriptingObjects (0ms)
			CreateAndSetChildDomain (116ms)
		EndReloadAssembly (547ms)
			LoadAssemblies (58ms)
			RebuildTransferFunctionScriptingTraits (0ms)
			SetupTypeCache (153ms)
			ReleaseScriptCaches (0ms)
			RebuildScriptCaches (36ms)
			SetupLoadedEditorAssemblies (264ms)
				LogAssemblyErrors (0ms)
				InitializePlatformSupportModulesInManaged (12ms)
				SetLoadedEditorAssemblies (0ms)
				RefreshPlugins (1ms)
				BeforeProcessingInitializeOnLoad (60ms)
				ProcessInitializeOnLoadAttributes (167ms)
				ProcessInitializeOnLoadMethodAttributes (19ms)
				AfterProcessingInitializeOnLoad (5ms)
				EditorAssembliesLoaded (0ms)
			ExecutionOrderSort2 (0ms)
			AwakeInstancesAfterBackupRestoration (4ms)
Platform modules already initialized, skipping
========================================================================
Worker process is ready to serve import requests
Launched and connected shader compiler UnityShaderCompiler.exe after 0.03 seconds
Refreshing native plugins compatible for Editor in 0.79 ms, found 3 plugins.
Preloading 0 native plugins for Editor in 0.00 ms.
Unloading 3135 Unused Serialized files (Serialized files now loaded: 0)
Unloading 20 unused Assets / (56.0 KB). Loaded Objects now: 3600.
Memory consumption went from 109.7 MB to 109.7 MB.
Total: 2.639300 ms (FindLiveObjects: 0.232000 ms CreateObjectMapping: 0.094600 ms MarkObjects: 2.244800 ms  DeleteObjects: 0.067100 ms)

AssetImportParameters requested are different than current active one (requested -> active):
  custom:video-decoder-ogg-theora: a1e56fd34408186e4bbccfd4996cb3dc -> 
  custom:container-muxer-webm: aa71ff27fc2769a1b78a27578f13a17b -> 
  custom:container-demuxer-webm: 4f35f7cbe854078d1ac9338744f61a02 -> 
  custom:video-encoder-webm-vp8: eb34c28f22e8b96e1ab97ce403110664 -> 
  custom:audio-encoder-webm-vorbis: bf7c407c2cedff20999df2af8eb42d56 -> 
  custom:framework-win-MediaFoundation: 216162199b28c13a410421893ffa2e32 -> 
  custom:container-demuxer-ogg: 62fdf1f143b41e24485cea50d1cbac27 -> 
  custom:video-decoder-webm-vp8: 9c59270c3fd7afecdb556c50c9e8de78 -> 
  custom:audio-decoder-ogg-vorbis: bf7c407c2cedff20999df2af8eb42d56 -> 
========================================================================
Received Import Request.
  Time since last request: 147899.141711 seconds.
  path: Assets/Plugins/Auto-LOD-Generator/Editor/SimplifiedPopUp.cs
  artifactKey: Guid(5eeae72523ad4174a971125e8daf895d) Importer(815301076,1909f56bfc062723c751e8b465ee728b)
Start importing Assets/Plugins/Auto-LOD-Generator/Editor/SimplifiedPopUp.cs using Guid(5eeae72523ad4174a971125e8daf895d) Importer(815301076,1909f56bfc062723c751e8b465ee728b)  -> (artifact id: 'b2543015a8c4414d0f799e6357c85096') in 0.018087 seconds 
========================================================================
Received Import Request.
  Time since last request: 0.001982 seconds.
  path: Assets/Plugins/Auto-LOD-Generator/Editor/icon.png
  artifactKey: Guid(59a185af8745ec243a1bd6c3f57199b1) Importer(815301076,1909f56bfc062723c751e8b465ee728b)
Start importing Assets/Plugins/Auto-LOD-Generator/Editor/icon.png using Guid(59a185af8745ec243a1bd6c3f57199b1) Importer(815301076,1909f56bfc062723c751e8b465ee728b)  -> (artifact id: 'adb0b476ace62a2459f0a93c4c4f379f') in 0.043628 seconds 
========================================================================
Received Import Request.
  Time since last request: 0.000886 seconds.
  path: Assets/Plugins/Auto-LOD-Generator
  artifactKey: Guid(ed9dc16b412e72f4d8d575ca1597459b) Importer(815301076,1909f56bfc062723c751e8b465ee728b)
Start importing Assets/Plugins/Auto-LOD-Generator using Guid(ed9dc16b412e72f4d8d575ca1597459b) Importer(815301076,1909f56bfc062723c751e8b465ee728b)  -> (artifact id: 'e40e48185a904f8970a6432f7bcb6b0a') in 0.004188 seconds 
========================================================================
Received Import Request.
  Time since last request: 0.001799 seconds.
  path: Assets/Plugins/Auto-LOD-Generator/Editor/LODGroupWindow.cs
  artifactKey: Guid(2916f08c04af41a3918952853bea6c09) Importer(815301076,1909f56bfc062723c751e8b465ee728b)
Start importing Assets/Plugins/Auto-LOD-Generator/Editor/LODGroupWindow.cs using Guid(2916f08c04af41a3918952853bea6c09) Importer(815301076,1909f56bfc062723c751e8b465ee728b)  -> (artifact id: '98dae4346bc2b0e1590fb70ac20dcd1c') in 0.004358 seconds 
========================================================================
Received Import Request.
  Time since last request: 0.000496 seconds.
  path: Assets/Plugins
  artifactKey: Guid(25dca533080244a418f640ea8f85af6b) Importer(815301076,1909f56bfc062723c751e8b465ee728b)
Start importing Assets/Plugins using Guid(25dca533080244a418f640ea8f85af6b) Importer(815301076,1909f56bfc062723c751e8b465ee728b)  -> (artifact id: '7fb83c2a57bbda735fe2a730da5206f3') in 0.004224 seconds 
========================================================================
Received Import Request.
  Time since last request: 0.000816 seconds.
  path: Assets/Plugins/Auto-LOD-Generator/Models
  artifactKey: Guid(eceaf36e47e85384d8ab8ab10197ab07) Importer(815301076,1909f56bfc062723c751e8b465ee728b)
Start importing Assets/Plugins/Auto-LOD-Generator/Models using Guid(eceaf36e47e85384d8ab8ab10197ab07) Importer(815301076,1909f56bfc062723c751e8b465ee728b)  -> (artifact id: '6b713f6c885a4ec5f5a7921d5d0bf467') in 0.004012 seconds 
========================================================================
Received Import Request.
  Time since last request: 0.000691 seconds.
  path: Assets/Plugins/Auto-LOD-Generator/Editor
  artifactKey: Guid(11e7aa531809cfd438d776e61171c4d2) Importer(815301076,1909f56bfc062723c751e8b465ee728b)
Start importing Assets/Plugins/Auto-LOD-Generator/Editor using Guid(11e7aa531809cfd438d776e61171c4d2) Importer(815301076,1909f56bfc062723c751e8b465ee728b)  -> (artifact id: '206e63dc7f85ce27c0bc9110b80bdcd3') in 0.004266 seconds 
========================================================================
Received Import Request.
  Time since last request: 0.000706 seconds.
  path: Assets/Plugins/Auto-LOD-Generator/Scenes
  artifactKey: Guid(015064303f5face49a388ed9b0a0408c) Importer(815301076,1909f56bfc062723c751e8b465ee728b)
Start importing Assets/Plugins/Auto-LOD-Generator/Scenes using Guid(015064303f5face49a388ed9b0a0408c) Importer(815301076,1909f56bfc062723c751e8b465ee728b)  -> (artifact id: 'f87b0159d76d5132a717992125911fe0') in 0.004080 seconds 
========================================================================
Received Import Request.
  Time since last request: 0.002033 seconds.
  path: Assets/Plugins/Auto-LOD-Generator/Scenes/SampleScene.unity
  artifactKey: Guid(9fc0d4010bbf28b4594072e72b8655ab) Importer(815301076,1909f56bfc062723c751e8b465ee728b)
Start importing Assets/Plugins/Auto-LOD-Generator/Scenes/SampleScene.unity using Guid(9fc0d4010bbf28b4594072e72b8655ab) Importer(815301076,1909f56bfc062723c751e8b465ee728b)  -> (artifact id: '07f69755d66e3567ac7f984b532f2007') in 0.004275 seconds 
========================================================================
Received Import Request.
  Time since last request: 0.002080 seconds.
  path: Assets/Plugins/Auto-LOD-Generator/Editor/LODGenerator.cs
  artifactKey: Guid(c00924b2dd5149cf808b3b19d55d7599) Importer(815301076,1909f56bfc062723c751e8b465ee728b)
Start importing Assets/Plugins/Auto-LOD-Generator/Editor/LODGenerator.cs using Guid(c00924b2dd5149cf808b3b19d55d7599) Importer(815301076,1909f56bfc062723c751e8b465ee728b)  -> (artifact id: '956cb8d7cb64651eb82935d146a1889d') in 0.004199 seconds 
